#
# A fatal error has been detected by the Java Runtime Environment:
#
#  EXCEPTION_ACCESS_VIOLATION (0xc0000005) at pc=0x00000000770248db, pid=19252, tid=0x000000000000447c
#
# JRE version: Java(TM) SE Runtime Environment (8.0_151-b12) (build 1.8.0_151-b12)
# Java VM: Java HotSpot(TM) 64-Bit Server VM (25.151-b12 mixed mode windows-amd64 compressed oops)
# Problematic frame:
# V  [jvm.dll+0x1148db]
#
# Failed to write core dump. Minidumps are not enabled by default on client versions of Windows
#
# If you would like to submit a bug report, please visit:
#   http://bugreport.java.com/bugreport/crash.jsp
#

---------------  T H R E A D  ---------------

Current thread (0x0000000001dd8000):  GCTaskThread [stack: 0x0000000011890000,0x0000000011990000] [id=17532]

siginfo: ExceptionCode=0xc0000005, reading address 0x0000000000000008

Registers:
RAX=0x0000000011b90000, RBX=0x00000000a574f430, RCX=0x0000000000000003, RDX=0x0000000000000001
RSP=0x000000001198f280, RBP=0x00000000a574f29c, RSI=0x0000000000000000, RDI=0x0000000001eaaad0
R8 =0x0000000000000000, R9 =0x0000000000000000, R10=0x000000000000000c, R11=0x00000000000012b3
R12=0x00000000a574f2a0, R13=0x00000001003886c8, R14=0x00000001003886d0, R15=0x00000000a574f288
RIP=0x00000000770248db, EFLAGS=0x0000000000010246

Top of Stack: (sp=0x000000001198f280)
0x000000001198f280:   00000000a574f408 00000000a574f298
0x000000001198f290:   0000000000000000 0000000001eaaad0
0x000000001198f2a0:   0000000000000000 00000000000003d8
0x000000001198f2b0:   0000000001dd8c28 0000000001dd23b0
0x000000001198f2c0:   00000000000012b2 0000000077307b50
0x000000001198f2d0:   0000000015f055d8 00000000157054a0
0x000000001198f2e0:   0000000001eaaad0 0000000001dd8850
0x000000001198f2f0:   0000000000000000 0000000000000c00
0x000000001198f300:   0000000000000000 0000000000000000
0x000000001198f310:   0000000000000000 0000000018e8e800
0x000000001198f320:   0000000000000001 0000000076ff2b01
0x000000001198f330:   0000a9f597396088 0000000001dd8c28
0x000000001198f340:   0000000001dd8850 00000000000003d8
0x000000001198f350:   0000000001dd8850 0000000001dd23b0
0x000000001198f360:   0000000001dd8840 00000000157054a0
0x000000001198f370:   0000000001eaaad0 0000000077304c23 

Instructions: (pc=0x00000000770248db)
0x00000000770248bb:   6f 00 84 d2 74 16 44 8b 43 08 8b 0d dd ce 68 00
0x00000000770248cb:   49 d3 e0 4c 03 05 cb ce 68 00 eb 04 4c 8b 43 08
0x00000000770248db:   45 8b 48 08 45 85 c9 7e 0c 41 f6 c1 01 75 4b 41
0x00000000770248eb:   c1 f9 03 eb 57 79 43 84 d2 41 8b c9 b8 10 00 00 


Register to memory mapping:

RAX=0x0000000011b90000 is an unknown value
RBX=